0 verbose cli [
0 verbose cli   '/home/ec2-user/.nvm/versions/node/v17.6.0/bin/node',
0 verbose cli   '/home/ec2-user/.nvm/versions/node/v17.6.0/lib/node_modules/npm/bin/npm-cli.js',
0 verbose cli   'exec',
0 verbose cli   '--',
0 verbose cli   'create-react-app',
0 verbose cli   'amplifyapp'
0 verbose cli ]
1 info using npm@8.5.1
2 info using node@v17.6.0
3 timing npm:load:whichnode Completed in 1ms
4 timing config:load:defaults Completed in 2ms
5 timing config:load:file:/home/ec2-user/.nvm/versions/node/v17.6.0/lib/node_modules/npm/npmrc Completed in 2ms
6 timing config:load:builtin Completed in 2ms
7 timing config:load:cli Completed in 1ms
8 timing config:load:env Completed in 1ms
9 timing config:load:project Completed in 1ms
10 timing config:load:file:/home/ec2-user/.npmrc Completed in 0ms
11 timing config:load:user Completed in 0ms
12 timing config:load:file:/home/ec2-user/.nvm/versions/node/v17.6.0/etc/npmrc Completed in 0ms
13 timing config:load:global Completed in 1ms
14 timing config:load:validate Completed in 0ms
15 timing config:load:credentials Completed in 1ms
16 timing config:load:setEnvs Completed in 1ms
17 timing config:load Completed in 10ms
18 timing npm:load:configload Completed in 10ms
19 timing npm:load:setTitle Completed in 1ms
20 timing config:load:flatten Completed in 3ms
21 timing npm:load:display Completed in 5ms
22 verbose logfile /home/ec2-user/.npm/_logs/2022-02-23T22_01_28_678Z-debug-0.log
23 timing npm:load:logFile Completed in 6ms
24 timing npm:load:timers Completed in 0ms
25 timing npm:load:configScope Completed in 0ms
26 timing npm:load Completed in 23ms
27 http fetch GET 200 https://registry.npmjs.org/create-react-app 894ms (cache miss)
28 timing arborist:ctor Completed in 0ms
29 timing arborist:ctor Completed in 0ms
30 timing arborist:ctor Completed in 0ms
31 timing idealTree:init Completed in 4ms
32 timing idealTree:userRequests Completed in 2ms
33 silly idealTree buildDeps
34 silly fetch manifest create-react-app@*
35 http fetch GET 200 https://registry.npmjs.org/create-react-app 10ms (cache hit)
36 silly placeDep ROOT create-react-app@5.0.0 OK for:  want: *
37 silly fetch manifest chalk@^4.1.2
38 silly fetch manifest commander@^4.1.1
39 silly fetch manifest cross-spawn@^7.0.3
40 silly fetch manifest envinfo@^7.8.1
41 silly fetch manifest fs-extra@^10.0.0
42 silly fetch manifest hyperquest@^2.1.3
43 silly fetch manifest prompts@^2.4.2
44 silly fetch manifest semver@^7.3.5
45 silly fetch manifest tar-pack@^3.4.1
46 silly fetch manifest tmp@^0.2.1
47 silly fetch manifest validate-npm-package-name@^3.0.0
48 http fetch GET 200 https://registry.npmjs.org/commander 75ms (cache miss)
49 http fetch GET 200 https://registry.npmjs.org/chalk 78ms (cache miss)
50 http fetch GET 200 https://registry.npmjs.org/hyperquest 119ms (cache miss)
51 http fetch GET 200 https://registry.npmjs.org/fs-extra 121ms (cache miss)
52 http fetch GET 200 https://registry.npmjs.org/prompts 121ms (cache miss)
53 http fetch GET 200 https://registry.npmjs.org/tar-pack 120ms (cache miss)
54 http fetch GET 200 https://registry.npmjs.org/semver 121ms (cache miss)
55 http fetch GET 200 https://registry.npmjs.org/envinfo 126ms (cache miss)
56 http fetch GET 200 https://registry.npmjs.org/tmp 124ms (cache miss)
57 http fetch GET 200 https://registry.npmjs.org/cross-spawn 129ms (cache miss)
58 http fetch GET 200 https://registry.npmjs.org/validate-npm-package-name 933ms (cache miss)
59 timing idealTree:#root Completed in 964ms
60 silly placeDep ROOT chalk@4.1.2 OK for: create-react-app@5.0.0 want: ^4.1.2
61 silly placeDep ROOT commander@4.1.1 OK for: create-react-app@5.0.0 want: ^4.1.1
62 silly placeDep ROOT cross-spawn@7.0.3 OK for: create-react-app@5.0.0 want: ^7.0.3
63 silly placeDep ROOT envinfo@7.8.1 OK for: create-react-app@5.0.0 want: ^7.8.1
64 silly placeDep ROOT fs-extra@10.0.1 OK for: create-react-app@5.0.0 want: ^10.0.0
65 silly placeDep ROOT hyperquest@2.1.3 OK for: create-react-app@5.0.0 want: ^2.1.3
66 silly placeDep ROOT prompts@2.4.2 OK for: create-react-app@5.0.0 want: ^2.4.2
67 silly placeDep ROOT semver@7.3.5 OK for: create-react-app@5.0.0 want: ^7.3.5
68 silly placeDep ROOT tar-pack@3.4.1 OK for: create-react-app@5.0.0 want: ^3.4.1
69 silly placeDep ROOT tmp@0.2.1 OK for: create-react-app@5.0.0 want: ^0.2.1
70 silly placeDep ROOT validate-npm-package-name@3.0.0 OK for: create-react-app@5.0.0 want: ^3.0.0
71 silly fetch manifest ansi-styles@^4.1.0
72 silly fetch manifest supports-color@^7.1.0
73 silly fetch manifest path-key@^3.1.0
74 silly fetch manifest shebang-command@^2.0.0
75 silly fetch manifest which@^2.0.1
76 silly fetch manifest graceful-fs@^4.2.0
77 silly fetch manifest jsonfile@^6.0.1
78 silly fetch manifest universalify@^2.0.0
79 silly fetch manifest buffer-from@^0.1.1
80 silly fetch manifest duplexer2@~0.0.2
81 silly fetch manifest through2@~0.6.3
82 silly fetch manifest kleur@^3.0.3
83 silly fetch manifest sisteransi@^1.0.5
84 silly fetch manifest lru-cache@^6.0.0
85 silly fetch manifest debug@^2.2.0
86 silly fetch manifest fstream@^1.0.10
87 silly fetch manifest fstream-ignore@^1.0.5
88 silly fetch manifest once@^1.3.3
89 silly fetch manifest readable-stream@^2.1.4
90 silly fetch manifest rimraf@^2.5.1
91 silly fetch manifest tar@^2.2.1
92 silly fetch manifest uid-number@^0.0.6
93 silly fetch manifest rimraf@^3.0.0
94 silly fetch manifest builtins@^1.0.3
95 http fetch GET 200 https://registry.npmjs.org/supports-color 146ms (cache miss)
96 http fetch GET 200 https://registry.npmjs.org/path-key 148ms (cache miss)
97 http fetch GET 200 https://registry.npmjs.org/shebang-command 148ms (cache miss)
98 http fetch GET 200 https://registry.npmjs.org/which 149ms (cache miss)
99 http fetch GET 200 https://registry.npmjs.org/ansi-styles 151ms (cache miss)
100 http fetch GET 200 https://registry.npmjs.org/jsonfile 149ms (cache miss)
101 http fetch GET 200 https://registry.npmjs.org/graceful-fs 150ms (cache miss)
102 http fetch GET 200 https://registry.npmjs.org/buffer-from 150ms (cache miss)
103 http fetch GET 200 https://registry.npmjs.org/duplexer2 148ms (cache miss)
104 http fetch GET 200 https://registry.npmjs.org/through2 149ms (cache miss)
105 http fetch GET 200 https://registry.npmjs.org/fstream 146ms (cache miss)
106 http fetch GET 200 https://registry.npmjs.org/once 145ms (cache miss)
107 http fetch GET 200 https://registry.npmjs.org/readable-stream 163ms (cache miss)
108 http fetch GET 200 https://registry.npmjs.org/tar 164ms (cache miss)
109 http fetch GET 200 https://registry.npmjs.org/sisteransi 180ms (cache miss)
110 http fetch GET 200 https://registry.npmjs.org/kleur 181ms (cache miss)
111 http fetch GET 200 https://registry.npmjs.org/lru-cache 180ms (cache miss)
112 http fetch GET 200 https://registry.npmjs.org/debug 181ms (cache miss)
113 http fetch GET 200 https://registry.npmjs.org/uid-number 353ms (cache miss)
114 http fetch GET 200 https://registry.npmjs.org/universalify 869ms (cache miss)
115 http fetch GET 200 https://registry.npmjs.org/fstream-ignore 940ms (cache miss)
116 http fetch GET 200 https://registry.npmjs.org/builtins 935ms (cache miss)
117 http fetch GET 200 https://registry.npmjs.org/rimraf 993ms (cache miss)
118 timing idealTree:node_modules/create-react-app Completed in 1047ms
119 silly placeDep ROOT ansi-styles@4.3.0 OK for: chalk@4.1.2 want: ^4.1.0
120 silly placeDep ROOT supports-color@7.2.0 OK for: chalk@4.1.2 want: ^7.1.0
121 silly fetch manifest color-convert@^2.0.1
122 silly fetch manifest has-flag@^4.0.0
123 http fetch GET 200 https://registry.npmjs.org/has-flag 20ms (cache miss)
124 http fetch GET 200 https://registry.npmjs.org/color-convert 30ms (cache miss)
125 timing idealTree:node_modules/chalk Completed in 35ms
126 silly placeDep ROOT color-convert@2.0.1 OK for: ansi-styles@4.3.0 want: ^2.0.1
127 silly fetch manifest color-name@~1.1.4
128 http fetch GET 200 https://registry.npmjs.org/color-name 25ms (cache miss)
129 timing idealTree:node_modules/ansi-styles Completed in 26ms
130 silly placeDep ROOT color-name@1.1.4 OK for: color-convert@2.0.1 want: ~1.1.4
131 timing idealTree:node_modules/color-convert Completed in 1ms
132 timing idealTree:node_modules/color-name Completed in 0ms
133 timing idealTree:node_modules/commander Completed in 1ms
134 silly placeDep ROOT path-key@3.1.1 OK for: cross-spawn@7.0.3 want: ^3.1.0
135 silly placeDep ROOT shebang-command@2.0.0 OK for: cross-spawn@7.0.3 want: ^2.0.0
136 silly placeDep ROOT which@2.0.2 OK for: cross-spawn@7.0.3 want: ^2.0.1
137 silly fetch manifest shebang-regex@^3.0.0
138 silly fetch manifest isexe@^2.0.0
139 http fetch GET 200 https://registry.npmjs.org/shebang-regex 30ms (cache miss)
140 http fetch GET 200 https://registry.npmjs.org/isexe 30ms (cache miss)
141 timing idealTree:node_modules/cross-spawn Completed in 44ms
142 timing idealTree:node_modules/envinfo Completed in 1ms
143 silly placeDep ROOT graceful-fs@4.2.9 OK for: fs-extra@10.0.1 want: ^4.2.0
144 silly placeDep ROOT jsonfile@6.1.0 OK for: fs-extra@10.0.1 want: ^6.0.1
145 silly placeDep ROOT universalify@2.0.0 OK for: fs-extra@10.0.1 want: ^2.0.0
146 timing idealTree:node_modules/fs-extra Completed in 4ms
147 timing idealTree:node_modules/graceful-fs Completed in 0ms
148 silly placeDep ROOT buffer-from@0.1.2 OK for: hyperquest@2.1.3 want: ^0.1.1
149 silly placeDep ROOT duplexer2@0.0.2 OK for: hyperquest@2.1.3 want: ~0.0.2
150 silly placeDep ROOT through2@0.6.5 OK for: hyperquest@2.1.3 want: ~0.6.3
151 silly fetch manifest readable-stream@~1.1.9
152 silly fetch manifest readable-stream@>=1.0.33-1 <1.1.0-0
153 silly fetch manifest xtend@>=4.0.0 <4.1.0-0
154 http fetch GET 200 https://registry.npmjs.org/xtend 33ms (cache miss)
155 timing idealTree:node_modules/hyperquest Completed in 38ms
156 timing idealTree:node_modules/buffer-from Completed in 0ms
157 silly placeDep ROOT readable-stream@1.1.14 OK for: duplexer2@0.0.2 want: ~1.1.9
158 silly fetch manifest core-util-is@~1.0.0
159 silly fetch manifest isarray@0.0.1
160 silly fetch manifest string_decoder@~0.10.x
161 silly fetch manifest inherits@~2.0.1
162 http fetch GET 200 https://registry.npmjs.org/core-util-is 31ms (cache miss)
163 http fetch GET 200 https://registry.npmjs.org/string_decoder 30ms (cache miss)
164 http fetch GET 200 https://registry.npmjs.org/inherits 31ms (cache miss)
165 http fetch GET 200 https://registry.npmjs.org/isarray 34ms (cache miss)
166 timing idealTree:node_modules/duplexer2 Completed in 40ms
167 timing idealTree:node_modules/jsonfile Completed in 0ms
168 timing idealTree:node_modules/path-key Completed in 0ms
169 silly placeDep ROOT kleur@3.0.3 OK for: prompts@2.4.2 want: ^3.0.3
170 silly placeDep ROOT sisteransi@1.0.5 OK for: prompts@2.4.2 want: ^1.0.5
171 timing idealTree:node_modules/prompts Completed in 3ms
172 timing idealTree:node_modules/kleur Completed in 0ms
173 silly placeDep ROOT core-util-is@1.0.3 OK for: readable-stream@1.1.14 want: ~1.0.0
174 silly placeDep ROOT inherits@2.0.4 OK for: readable-stream@1.1.14 want: ~2.0.1
175 silly placeDep ROOT isarray@0.0.1 OK for: readable-stream@1.1.14 want: 0.0.1
176 silly placeDep ROOT string_decoder@0.10.31 OK for: readable-stream@1.1.14 want: ~0.10.x
177 timing idealTree:node_modules/readable-stream Completed in 4ms
178 timing idealTree:node_modules/core-util-is Completed in 0ms
179 timing idealTree:node_modules/inherits Completed in 0ms
180 timing idealTree:node_modules/isarray Completed in 0ms
181 silly placeDep ROOT lru-cache@6.0.0 OK for: semver@7.3.5 want: ^6.0.0
182 silly fetch manifest yallist@^4.0.0
183 http fetch GET 200 https://registry.npmjs.org/yallist 20ms (cache miss)
184 timing idealTree:node_modules/semver Completed in 22ms
185 silly placeDep ROOT yallist@4.0.0 OK for: lru-cache@6.0.0 want: ^4.0.0
186 timing idealTree:node_modules/lru-cache Completed in 2ms
187 silly placeDep ROOT shebang-regex@3.0.0 OK for: shebang-command@2.0.0 want: ^3.0.0
188 timing idealTree:node_modules/shebang-command Completed in 1ms
189 timing idealTree:node_modules/shebang-regex Completed in 1ms
190 timing idealTree:node_modules/sisteransi Completed in 0ms
191 timing idealTree:node_modules/string_decoder Completed in 0ms
192 silly placeDep ROOT has-flag@4.0.0 OK for: supports-color@7.2.0 want: ^4.0.0
193 timing idealTree:node_modules/supports-color Completed in 1ms
194 timing idealTree:node_modules/has-flag Completed in 0ms
195 silly placeDep ROOT debug@2.6.9 OK for: tar-pack@3.4.1 want: ^2.2.0
196 silly placeDep ROOT fstream@1.0.12 OK for: tar-pack@3.4.1 want: ^1.0.10
197 silly placeDep ROOT fstream-ignore@1.0.5 OK for: tar-pack@3.4.1 want: ^1.0.5
198 silly placeDep ROOT once@1.4.0 OK for: tar-pack@3.4.1 want: ^1.3.3
199 silly placeDep node_modules/tar-pack readable-stream@2.3.7 OK for: tar-pack@3.4.1 want: ^2.1.4
200 silly placeDep ROOT rimraf@2.7.1 OK for: tar-pack@3.4.1 want: ^2.5.1
201 silly placeDep ROOT tar@2.2.2 OK for: tar-pack@3.4.1 want: ^2.2.1
202 silly placeDep ROOT uid-number@0.0.6 OK for: tar-pack@3.4.1 want: ^0.0.6
203 silly fetch manifest ms@2.0.0
204 silly fetch manifest mkdirp@>=0.5 0
205 silly fetch manifest minimatch@^3.0.0
206 silly fetch manifest wrappy@1
207 silly fetch manifest isarray@~1.0.0
208 silly fetch manifest process-nextick-args@~2.0.0
209 silly fetch manifest safe-buffer@~5.1.1
210 silly fetch manifest string_decoder@~1.1.1
211 silly fetch manifest util-deprecate@~1.0.1
212 silly fetch manifest glob@^7.1.3
213 silly fetch manifest block-stream@*
214 http fetch GET 200 https://registry.npmjs.org/mkdirp 93ms (cache miss)
215 http fetch GET 200 https://registry.npmjs.org/minimatch 94ms (cache miss)
216 http fetch GET 200 https://registry.npmjs.org/wrappy 95ms (cache miss)
217 http fetch GET 200 https://registry.npmjs.org/util-deprecate 93ms (cache miss)
218 http fetch GET 200 https://registry.npmjs.org/ms 103ms (cache miss)
219 http fetch GET 200 https://registry.npmjs.org/process-nextick-args 100ms (cache miss)
220 http fetch GET 200 https://registry.npmjs.org/glob 97ms (cache miss)
221 http fetch GET 200 https://registry.npmjs.org/safe-buffer 100ms (cache miss)
222 http fetch GET 200 https://registry.npmjs.org/block-stream 876ms (cache miss)
223 timing idealTree:node_modules/tar-pack Completed in 905ms
224 silly placeDep ROOT ms@2.0.0 OK for: debug@2.6.9 want: 2.0.0
225 timing idealTree:node_modules/debug Completed in 1ms
226 silly placeDep ROOT mkdirp@0.5.5 OK for: fstream@1.0.12 want: >=0.5 0
227 silly fetch manifest minimist@^1.2.5
228 http fetch GET 200 https://registry.npmjs.org/minimist 19ms (cache miss)
229 timing idealTree:node_modules/fstream Completed in 22ms
230 silly placeDep ROOT minimatch@3.1.2 OK for: fstream-ignore@1.0.5 want: ^3.0.0
231 silly fetch manifest brace-expansion@^1.1.7
232 http fetch GET 200 https://registry.npmjs.org/brace-expansion 16ms (cache miss)
233 timing idealTree:node_modules/fstream-ignore Completed in 19ms
234 silly placeDep ROOT brace-expansion@1.1.11 OK for: minimatch@3.1.2 want: ^1.1.7
235 silly fetch manifest balanced-match@^1.0.0
236 silly fetch manifest concat-map@0.0.1
237 http fetch GET 200 https://registry.npmjs.org/balanced-match 18ms (cache miss)
238 http fetch GET 200 https://registry.npmjs.org/concat-map 32ms (cache miss)
239 timing idealTree:node_modules/minimatch Completed in 36ms
240 silly placeDep ROOT balanced-match@1.0.2 OK for: brace-expansion@1.1.11 want: ^1.0.0
241 silly placeDep ROOT concat-map@0.0.1 OK for: brace-expansion@1.1.11 want: 0.0.1
242 timing idealTree:node_modules/brace-expansion Completed in 8ms
243 timing idealTree:node_modules/balanced-match Completed in 0ms
244 timing idealTree:node_modules/concat-map Completed in 0ms
245 silly placeDep ROOT minimist@1.2.5 OK for: mkdirp@0.5.5 want: ^1.2.5
246 timing idealTree:node_modules/mkdirp Completed in 1ms
247 timing idealTree:node_modules/minimist Completed in 0ms
248 timing idealTree:node_modules/ms Completed in 0ms
249 silly placeDep ROOT wrappy@1.0.2 OK for: once@1.4.0 want: 1
250 timing idealTree:node_modules/once Completed in 1ms
251 silly placeDep ROOT glob@7.2.0 OK for: rimraf@2.7.1 want: ^7.1.3
252 silly fetch manifest fs.realpath@^1.0.0
253 silly fetch manifest inflight@^1.0.4
254 silly fetch manifest path-is-absolute@^1.0.0
255 http fetch GET 200 https://registry.npmjs.org/path-is-absolute 23ms (cache miss)
256 http fetch GET 200 https://registry.npmjs.org/fs.realpath 31ms (cache miss)
257 http fetch GET 200 https://registry.npmjs.org/inflight 29ms (cache miss)
258 timing idealTree:node_modules/rimraf Completed in 38ms
259 silly placeDep ROOT fs.realpath@1.0.0 OK for: glob@7.2.0 want: ^1.0.0
260 silly placeDep ROOT inflight@1.0.6 OK for: glob@7.2.0 want: ^1.0.4
261 silly placeDep ROOT path-is-absolute@1.0.1 OK for: glob@7.2.0 want: ^1.0.0
262 timing idealTree:node_modules/glob Completed in 4ms
263 timing idealTree:node_modules/fs.realpath Completed in 0ms
264 timing idealTree:node_modules/inflight Completed in 0ms
265 timing idealTree:node_modules/path-is-absolute Completed in 0ms
266 silly placeDep ROOT block-stream@0.0.9 OK for: tar@2.2.2 want: *
267 timing idealTree:node_modules/tar Completed in 1ms
268 timing idealTree:node_modules/block-stream Completed in 0ms
269 silly placeDep node_modules/through2 readable-stream@1.0.34 OK for: through2@0.6.5 want: >=1.0.33-1 <1.1.0-0
270 silly placeDep ROOT xtend@4.0.2 OK for: through2@0.6.5 want: >=4.0.0 <4.1.0-0
271 timing idealTree:node_modules/through2 Completed in 3ms
272 silly placeDep node_modules/tmp rimraf@3.0.2 OK for: tmp@0.2.1 want: ^3.0.0
273 timing idealTree:node_modules/tmp Completed in 2ms
274 timing idealTree:node_modules/uid-number Completed in 1ms
275 timing idealTree:node_modules/universalify Completed in 0ms
276 silly placeDep ROOT builtins@1.0.3 OK for: validate-npm-package-name@3.0.0 want: ^1.0.3
277 timing idealTree:node_modules/validate-npm-package-name Completed in 1ms
278 timing idealTree:node_modules/builtins Completed in 0ms
279 silly placeDep ROOT isexe@2.0.0 OK for: which@2.0.2 want: ^2.0.0
280 timing idealTree:node_modules/which Completed in 1ms
281 timing idealTree:node_modules/isexe Completed in 0ms
282 timing idealTree:node_modules/wrappy Completed in 0ms
283 timing idealTree:node_modules/xtend Completed in 0ms
284 timing idealTree:node_modules/yallist Completed in 0ms
285 silly placeDep node_modules/tar-pack isarray@1.0.0 OK for: readable-stream@2.3.7 want: ~1.0.0
286 silly placeDep ROOT process-nextick-args@2.0.1 OK for: readable-stream@2.3.7 want: ~2.0.0
287 silly placeDep ROOT safe-buffer@5.1.2 OK for: readable-stream@2.3.7 want: ~5.1.1
288 silly placeDep node_modules/tar-pack string_decoder@1.1.1 OK for: readable-stream@2.3.7 want: ~1.1.1
289 silly placeDep ROOT util-deprecate@1.0.2 OK for: readable-stream@2.3.7 want: ~1.0.1
290 timing idealTree:node_modules/tar-pack/node_modules/readable-stream Completed in 7ms
291 timing idealTree:node_modules/process-nextick-args Completed in 0ms
292 timing idealTree:node_modules/safe-buffer Completed in 0ms
293 timing idealTree:node_modules/util-deprecate Completed in 0ms
294 timing idealTree:node_modules/tar-pack/node_modules/isarray Completed in 0ms
295 timing idealTree:node_modules/tar-pack/node_modules/string_decoder Completed in 0ms
296 timing idealTree:node_modules/through2/node_modules/readable-stream Completed in 0ms
297 timing idealTree:node_modules/tmp/node_modules/rimraf Completed in 0ms
298 timing idealTree:buildDeps Completed in 3297ms
299 timing idealTree:fixDepFlags Completed in 2ms
300 timing idealTree Completed in 3308ms
301 timing reify:loadTrees Completed in 3309ms
302 timing reify:diffTrees Completed in 3ms
303 silly reify moves {}
304 timing reify:retireShallow Completed in 2ms
305 timing reify:createSparse Completed in 46ms
306 timing reify:loadBundles Completed in 0ms
307 silly audit bulk request {
307 silly audit   'create-react-app': [ '5.0.0' ],
307 silly audit   chalk: [ '4.1.2' ],
307 silly audit   commander: [ '4.1.1' ],
307 silly audit   'cross-spawn': [ '7.0.3' ],
307 silly audit   envinfo: [ '7.8.1' ],
307 silly audit   'fs-extra': [ '10.0.1' ],
307 silly audit   hyperquest: [ '2.1.3' ],
307 silly audit   prompts: [ '2.4.2' ],
307 silly audit   semver: [ '7.3.5' ],
307 silly audit   'tar-pack': [ '3.4.1' ],
307 silly audit   tmp: [ '0.2.1' ],
307 silly audit   'validate-npm-package-name': [ '3.0.0' ],
307 silly audit   'ansi-styles': [ '4.3.0' ],
307 silly audit   'supports-color': [ '7.2.0' ],
307 silly audit   'color-convert': [ '2.0.1' ],
307 silly audit   'color-name': [ '1.1.4' ],
307 silly audit   'path-key': [ '3.1.1' ],
307 silly audit   'shebang-command': [ '2.0.0' ],
307 silly audit   which: [ '2.0.2' ],
307 silly audit   'graceful-fs': [ '4.2.9' ],
307 silly audit   jsonfile: [ '6.1.0' ],
307 silly audit   universalify: [ '2.0.0' ],
307 silly audit   'buffer-from': [ '0.1.2' ],
307 silly audit   duplexer2: [ '0.0.2' ],
307 silly audit   through2: [ '0.6.5' ],
307 silly audit   'readable-stream': [ '1.1.14', '2.3.7', '1.0.34' ],
307 silly audit   kleur: [ '3.0.3' ],
307 silly audit   sisteransi: [ '1.0.5' ],
307 silly audit   'core-util-is': [ '1.0.3' ],
307 silly audit   inherits: [ '2.0.4' ],
307 silly audit   isarray: [ '0.0.1', '1.0.0' ],
307 silly audit   string_decoder: [ '0.10.31', '1.1.1' ],
307 silly audit   'lru-cache': [ '6.0.0' ],
307 silly audit   yallist: [ '4.0.0' ],
307 silly audit   'shebang-regex': [ '3.0.0' ],
307 silly audit   'has-flag': [ '4.0.0' ],
307 silly audit   debug: [ '2.6.9' ],
307 silly audit   fstream: [ '1.0.12' ],
307 silly audit   'fstream-ignore': [ '1.0.5' ],
307 silly audit   once: [ '1.4.0' ],
307 silly audit   rimraf: [ '2.7.1', '3.0.2' ],
307 silly audit   tar: [ '2.2.2' ],
307 silly audit   'uid-number': [ '0.0.6' ],
307 silly audit   ms: [ '2.0.0' ],
307 silly audit   mkdirp: [ '0.5.5' ],
307 silly audit   minimatch: [ '3.1.2' ],
307 silly audit   'brace-expansion': [ '1.1.11' ],
307 silly audit   'balanced-match': [ '1.0.2' ],
307 silly audit   'concat-map': [ '0.0.1' ],
307 silly audit   minimist: [ '1.2.5' ],
307 silly audit   wrappy: [ '1.0.2' ],
307 silly audit   glob: [ '7.2.0' ],
307 silly audit   'fs.realpath': [ '1.0.0' ],
307 silly audit   inflight: [ '1.0.6' ],
307 silly audit   'path-is-absolute': [ '1.0.1' ],
307 silly audit   'block-stream': [ '0.0.9' ],
307 silly audit   xtend: [ '4.0.2' ],
307 silly audit   builtins: [ '1.0.3' ],
307 silly audit   isexe: [ '2.0.0' ],
307 silly audit   'process-nextick-args': [ '2.0.1' ],
307 silly audit   'safe-buffer': [ '5.1.2' ],
307 silly audit   'util-deprecate': [ '1.0.2' ]
307 silly audit }
308 silly tarball no local data for util-deprecate@https://registry.npmjs.org/util-deprecate/-/util-deprecate-1.0.2.tgz. Extracting by manifest.
309 silly tarball no local data for safe-buffer@https://registry.npmjs.org/safe-buffer/-/safe-buffer-5.1.2.tgz. Extracting by manifest.
310 silly tarball no local data for process-nextick-args@https://registry.npmjs.org/process-nextick-args/-/process-nextick-args-2.0.1.tgz. Extracting by manifest.
311 silly tarball no local data for isexe@https://registry.npmjs.org/isexe/-/isexe-2.0.0.tgz. Extracting by manifest.
312 silly tarball no local data for builtins@https://registry.npmjs.org/builtins/-/builtins-1.0.3.tgz. Extracting by manifest.
313 silly tarball no local data for xtend@https://registry.npmjs.org/xtend/-/xtend-4.0.2.tgz. Extracting by manifest.
314 silly tarball no local data for block-stream@https://registry.npmjs.org/block-stream/-/block-stream-0.0.9.tgz. Extracting by manifest.
315 silly tarball no local data for path-is-absolute@https://registry.npmjs.org/path-is-absolute/-/path-is-absolute-1.0.1.tgz. Extracting by manifest.
316 silly tarball no local data for inflight@https://registry.npmjs.org/inflight/-/inflight-1.0.6.tgz. Extracting by manifest.
317 silly tarball no local data for fs.realpath@https://registry.npmjs.org/fs.realpath/-/fs.realpath-1.0.0.tgz. Extracting by manifest.
318 silly tarball no local data for glob@https://registry.npmjs.org/glob/-/glob-7.2.0.tgz. Extracting by manifest.
319 silly tarball no local data for wrappy@https://registry.npmjs.org/wrappy/-/wrappy-1.0.2.tgz. Extracting by manifest.
320 silly tarball no local data for minimist@https://registry.npmjs.org/minimist/-/minimist-1.2.5.tgz. Extracting by manifest.
321 silly tarball no local data for concat-map@https://registry.npmjs.org/concat-map/-/concat-map-0.0.1.tgz. Extracting by manifest.
322 silly tarball no local data for balanced-match@https://registry.npmjs.org/balanced-match/-/balanced-match-1.0.2.tgz. Extracting by manifest.
323 silly tarball no local data for brace-expansion@https://registry.npmjs.org/brace-expansion/-/brace-expansion-1.1.11.tgz. Extracting by manifest.
324 silly tarball no local data for minimatch@https://registry.npmjs.org/minimatch/-/minimatch-3.1.2.tgz. Extracting by manifest.
325 silly tarball no local data for mkdirp@https://registry.npmjs.org/mkdirp/-/mkdirp-0.5.5.tgz. Extracting by manifest.
326 silly tarball no local data for ms@https://registry.npmjs.org/ms/-/ms-2.0.0.tgz. Extracting by manifest.
327 silly tarball no local data for uid-number@https://registry.npmjs.org/uid-number/-/uid-number-0.0.6.tgz. Extracting by manifest.
328 silly tarball no local data for tar@https://registry.npmjs.org/tar/-/tar-2.2.2.tgz. Extracting by manifest.
329 silly tarball no local data for rimraf@https://registry.npmjs.org/rimraf/-/rimraf-2.7.1.tgz. Extracting by manifest.
330 silly tarball no local data for once@https://registry.npmjs.org/once/-/once-1.4.0.tgz. Extracting by manifest.
331 silly tarball no local data for fstream-ignore@https://registry.npmjs.org/fstream-ignore/-/fstream-ignore-1.0.5.tgz. Extracting by manifest.
332 silly tarball no local data for fstream@https://registry.npmjs.org/fstream/-/fstream-1.0.12.tgz. Extracting by manifest.
333 silly tarball no local data for debug@https://registry.npmjs.org/debug/-/debug-2.6.9.tgz. Extracting by manifest.
334 silly tarball no local data for has-flag@https://registry.npmjs.org/has-flag/-/has-flag-4.0.0.tgz. Extracting by manifest.
335 silly tarball no local data for shebang-regex@https://registry.npmjs.org/shebang-regex/-/shebang-regex-3.0.0.tgz. Extracting by manifest.
336 silly tarball no local data for yallist@https://registry.npmjs.org/yallist/-/yallist-4.0.0.tgz. Extracting by manifest.
337 silly tarball no local data for lru-cache@https://registry.npmjs.org/lru-cache/-/lru-cache-6.0.0.tgz. Extracting by manifest.
338 silly tarball no local data for string_decoder@https://registry.npmjs.org/string_decoder/-/string_decoder-0.10.31.tgz. Extracting by manifest.
339 silly tarball no local data for isarray@https://registry.npmjs.org/isarray/-/isarray-0.0.1.tgz. Extracting by manifest.
340 silly tarball no local data for inherits@https://registry.npmjs.org/inherits/-/inherits-2.0.4.tgz. Extracting by manifest.
341 silly tarball no local data for core-util-is@https://registry.npmjs.org/core-util-is/-/core-util-is-1.0.3.tgz. Extracting by manifest.
342 silly tarball no local data for sisteransi@https://registry.npmjs.org/sisteransi/-/sisteransi-1.0.5.tgz. Extracting by manifest.
343 silly tarball no local data for kleur@https://registry.npmjs.org/kleur/-/kleur-3.0.3.tgz. Extracting by manifest.
344 silly tarball no local data for readable-stream@https://registry.npmjs.org/readable-stream/-/readable-stream-1.1.14.tgz. Extracting by manifest.
345 silly tarball no local data for through2@https://registry.npmjs.org/through2/-/through2-0.6.5.tgz. Extracting by manifest.
346 silly tarball no local data for duplexer2@https://registry.npmjs.org/duplexer2/-/duplexer2-0.0.2.tgz. Extracting by manifest.
347 silly tarball no local data for buffer-from@https://registry.npmjs.org/buffer-from/-/buffer-from-0.1.2.tgz. Extracting by manifest.
348 silly tarball no local data for universalify@https://registry.npmjs.org/universalify/-/universalify-2.0.0.tgz. Extracting by manifest.
349 silly tarball no local data for jsonfile@https://registry.npmjs.org/jsonfile/-/jsonfile-6.1.0.tgz. Extracting by manifest.
350 silly tarball no local data for graceful-fs@https://registry.npmjs.org/graceful-fs/-/graceful-fs-4.2.9.tgz. Extracting by manifest.
351 silly tarball no local data for which@https://registry.npmjs.org/which/-/which-2.0.2.tgz. Extracting by manifest.
352 silly tarball no local data for shebang-command@https://registry.npmjs.org/shebang-command/-/shebang-command-2.0.0.tgz. Extracting by manifest.
353 silly tarball no local data for path-key@https://registry.npmjs.org/path-key/-/path-key-3.1.1.tgz. Extracting by manifest.
354 silly tarball no local data for color-name@https://registry.npmjs.org/color-name/-/color-name-1.1.4.tgz. Extracting by manifest.
355 silly tarball no local data for color-convert@https://registry.npmjs.org/color-convert/-/color-convert-2.0.1.tgz. Extracting by manifest.
356 silly tarball no local data for supports-color@https://registry.npmjs.org/supports-color/-/supports-color-7.2.0.tgz. Extracting by manifest.
357 silly tarball no local data for ansi-styles@https://registry.npmjs.org/ansi-styles/-/ansi-styles-4.3.0.tgz. Extracting by manifest.
358 silly tarball no local data for validate-npm-package-name@https://registry.npmjs.org/validate-npm-package-name/-/validate-npm-package-name-3.0.0.tgz. Extracting by manifest.
359 silly tarball no local data for tmp@https://registry.npmjs.org/tmp/-/tmp-0.2.1.tgz. Extracting by manifest.
360 silly tarball no local data for tar-pack@https://registry.npmjs.org/tar-pack/-/tar-pack-3.4.1.tgz. Extracting by manifest.
361 silly tarball no local data for semver@https://registry.npmjs.org/semver/-/semver-7.3.5.tgz. Extracting by manifest.
362 silly tarball no local data for prompts@https://registry.npmjs.org/prompts/-/prompts-2.4.2.tgz. Extracting by manifest.
363 silly tarball no local data for hyperquest@https://registry.npmjs.org/hyperquest/-/hyperquest-2.1.3.tgz. Extracting by manifest.
364 silly tarball no local data for fs-extra@https://registry.npmjs.org/fs-extra/-/fs-extra-10.0.1.tgz. Extracting by manifest.
365 silly tarball no local data for envinfo@https://registry.npmjs.org/envinfo/-/envinfo-7.8.1.tgz. Extracting by manifest.
366 silly tarball no local data for cross-spawn@https://registry.npmjs.org/cross-spawn/-/cross-spawn-7.0.3.tgz. Extracting by manifest.
367 silly tarball no local data for commander@https://registry.npmjs.org/commander/-/commander-4.1.1.tgz. Extracting by manifest.
368 silly tarball no local data for chalk@https://registry.npmjs.org/chalk/-/chalk-4.1.2.tgz. Extracting by manifest.
369 silly tarball no local data for create-react-app@https://registry.npmjs.org/create-react-app/-/create-react-app-5.0.0.tgz. Extracting by manifest.
370 silly tarball no local data for readable-stream@https://registry.npmjs.org/readable-stream/-/readable-stream-1.0.34.tgz. Extracting by manifest.
371 silly tarball no local data for rimraf@https://registry.npmjs.org/rimraf/-/rimraf-3.0.2.tgz. Extracting by manifest.
372 silly tarball no local data for string_decoder@https://registry.npmjs.org/string_decoder/-/string_decoder-1.1.1.tgz. Extracting by manifest.
373 silly tarball no local data for isarray@https://registry.npmjs.org/isarray/-/isarray-1.0.0.tgz. Extracting by manifest.
374 silly tarball no local data for readable-stream@https://registry.npmjs.org/readable-stream/-/readable-stream-2.3.7.tgz. Extracting by manifest.
375 http fetch POST 200 https://registry.npmjs.org/-/npm/v1/security/advisories/bulk 747ms
376 timing auditReport:getReport Completed in 751ms
377 silly audit report {
377 silly audit report   tar: [
377 silly audit report     {
377 silly audit report       id: 1005040,
377 silly audit report       url: 'https://github.com/advisories/GHSA-5955-9wpr-37jh',
377 silly audit report       title: 'Arbitrary File Creation/Overwrite on Windows via insufficient relative path sanitization',
377 silly audit report       severity: 'high',
377 silly audit report       vulnerable_versions: '<4.4.18'
377 silly audit report     },
377 silly audit report     {
377 silly audit report       id: 1005043,
377 silly audit report       url: 'https://github.com/advisories/GHSA-qq89-hq3f-393p',
377 silly audit report       title: 'Arbitrary File Creation/Overwrite via insufficient symlink protection due to directory cache poisoning using symbolic links',
377 silly audit report       severity: 'high',
377 silly audit report       vulnerable_versions: '<4.4.18'
377 silly audit report     },
377 silly audit report     {
377 silly audit report       id: 1005046,
377 silly audit report       url: 'https://github.com/advisories/GHSA-9r2w-394v-53qc',
377 silly audit report       title: 'Arbitrary File Creation/Overwrite via insufficient symlink protection due to directory cache poisoning using symbolic links',
377 silly audit report       severity: 'high',
377 silly audit report       vulnerable_versions: '<4.4.16'
377 silly audit report     },
377 silly audit report     {
377 silly audit report       id: 1005078,
377 silly audit report       url: 'https://github.com/advisories/GHSA-3jfq-g458-7qm9',
377 silly audit report       title: 'Arbitrary File Creation/Overwrite due to insufficient absolute path sanitization',
377 silly audit report       severity: 'high',
377 silly audit report       vulnerable_versions: '<3.2.2'
377 silly audit report     },
377 silly audit report     {
377 silly audit report       id: 1005082,
377 silly audit report       url: 'https://github.com/advisories/GHSA-r628-mhmh-qjhw',
377 silly audit report       title: 'Arbitrary File Creation/Overwrite via insufficient symlink protection due to directory cache poisoning',
377 silly audit report       severity: 'high',
377 silly audit report       vulnerable_versions: '<3.2.3'
377 silly audit report     }
377 silly audit report   ]
377 silly audit report }
378 timing metavuln:packument:tar Completed in 1ms
379 timing metavuln:cache:get:security-advisory:tar:VtfoMHRPReMcCW9w4u31BWYREcViCFn3asZmPh4Q1xtBDUHlj8G6pba9zfaKmvRrJr1jooSQdagZ+yr2Ze8IzA== Completed in 72ms
380 timing metavuln:load:security-advisory:tar:1005040 Completed in 7ms
381 timing metavuln:cache:get:security-advisory:tar:FVraO3vxxEwRFvae/qn54EZfqhwhMp2WELNyGn+whkwy5AiGGQUYfPZKYo5gVQTwEDWGqrw2ZBfQh7ybqYruyw== Completed in 79ms
382 timing metavuln:load:security-advisory:tar:1005043 Completed in 14ms
383 timing metavuln:cache:get:security-advisory:tar:Ar/tm+IovdyvUguUGqdJRiv3vndjlRFiAxefrycd9JAfXDz8f8J0i65HKJPcSI2UxmfNbqdK5JZhCWVFVGWuEg== Completed in 93ms
384 timing metavuln:load:security-advisory:tar:1005046 Completed in 6ms
385 timing metavuln:cache:get:security-advisory:tar:N+UM5HifWs2F2zc5VvSjMcsJxwKLXnFlwekBDx20VEMxf4a50dbc9azjEqPWN9F4CRYdtlo8htl2my5iv0W3vQ== Completed in 100ms
386 timing metavuln:load:security-advisory:tar:1005078 Completed in 6ms
387 timing metavuln:cache:get:security-advisory:tar:34G+WConGFFWccUb8BgaeTYbN3uYhdQmRaxXSUSIQ8meLzACygefO7EXhn6gKUnnryCqTBplIbxCXTplY0bYZw== Completed in 106ms
388 timing metavuln:load:security-advisory:tar:1005082 Completed in 3ms
389 timing metavuln:cache:put:security-advisory:tar:VtfoMHRPReMcCW9w4u31BWYREcViCFn3asZmPh4Q1xtBDUHlj8G6pba9zfaKmvRrJr1jooSQdagZ+yr2Ze8IzA== Completed in 485ms
390 timing metavuln:calculate:security-advisory:tar:1005040 Completed in 564ms
391 http fetch GET 200 https://registry.npmjs.org/minimist/-/minimist-1.2.5.tgz 1163ms (cache miss)
392 timing metavuln:cache:put:security-advisory:tar:34G+WConGFFWccUb8BgaeTYbN3uYhdQmRaxXSUSIQ8meLzACygefO7EXhn6gKUnnryCqTBplIbxCXTplY0bYZw== Completed in 511ms
393 timing metavuln:calculate:security-advisory:tar:1005082 Completed in 620ms
394 http fetch GET 200 https://registry.npmjs.org/rimraf/-/rimraf-2.7.1.tgz 1140ms (cache miss)
395 timing reifyNode:node_modules/rimraf Completed in 1388ms
396 http fetch GET 200 https://registry.npmjs.org/inherits/-/inherits-2.0.4.tgz 1071ms (cache miss)
397 timing reifyNode:node_modules/inherits Completed in 1412ms
398 http fetch GET 200 https://registry.npmjs.org/builtins/-/builtins-1.0.3.tgz 1352ms (cache miss)
399 timing reifyNode:node_modules/builtins Completed in 1425ms
400 http fetch GET 200 https://registry.npmjs.org/xtend/-/xtend-4.0.2.tgz 1353ms (cache miss)
401 timing reifyNode:node_modules/xtend Completed in 1431ms
402 http fetch GET 200 https://registry.npmjs.org/buffer-from/-/buffer-from-0.1.2.tgz 1028ms (cache miss)
403 timing reifyNode:node_modules/buffer-from Completed in 1436ms
404 http fetch GET 200 https://registry.npmjs.org/universalify/-/universalify-2.0.0.tgz 1028ms (cache miss)
405 timing reifyNode:node_modules/universalify Completed in 1442ms
406 timing metavuln:cache:put:security-advisory:tar:FVraO3vxxEwRFvae/qn54EZfqhwhMp2WELNyGn+whkwy5AiGGQUYfPZKYo5gVQTwEDWGqrw2ZBfQh7ybqYruyw== Completed in 610ms
407 timing metavuln:calculate:security-advisory:tar:1005043 Completed in 703ms
408 timing metavuln:cache:put:security-advisory:tar:Ar/tm+IovdyvUguUGqdJRiv3vndjlRFiAxefrycd9JAfXDz8f8J0i65HKJPcSI2UxmfNbqdK5JZhCWVFVGWuEg== Completed in 604ms
409 timing metavuln:calculate:security-advisory:tar:1005046 Completed in 703ms
410 timing metavuln:cache:put:security-advisory:tar:N+UM5HifWs2F2zc5VvSjMcsJxwKLXnFlwekBDx20VEMxf4a50dbc9azjEqPWN9F4CRYdtlo8htl2my5iv0W3vQ== Completed in 598ms
411 timing metavuln:calculate:security-advisory:tar:1005078 Completed in 704ms
412 timing metavuln:packument:tar-pack Completed in 0ms
413 http fetch GET 200 https://registry.npmjs.org/mkdirp/-/mkdirp-0.5.5.tgz 1264ms (cache miss)
414 timing reifyNode:node_modules/mkdirp Completed in 1456ms
415 http fetch GET 200 https://registry.npmjs.org/balanced-match/-/balanced-match-1.0.2.tgz 1320ms (cache miss)
416 timing reifyNode:node_modules/balanced-match Completed in 1495ms
417 http fetch GET 200 https://registry.npmjs.org/color-name/-/color-name-1.1.4.tgz 1027ms (cache miss)
418 timing reifyNode:node_modules/color-name Completed in 1503ms
419 http fetch GET 200 https://registry.npmjs.org/supports-color/-/supports-color-7.2.0.tgz 1025ms (cache miss)
420 timing reifyNode:node_modules/supports-color Completed in 1512ms
421 timing metavuln:cache:get:security-advisory:tar-pack:fhplZpdnXlyYzsHjGGJA/yDVWNM5xETg67FXmj+i48MM3vb73WzTfAqtG6H65b0sv9lB5Avb15YHQFI1jNjl2Q== Completed in 81ms
422 timing metavuln:load:security-advisory:tar-pack:VtfoMHRPReMcCW9w4u31BWYREcViCFn3asZmPh4Q1xtBDUHlj8G6pba9zfaKmvRrJr1jooSQdagZ+yr2Ze8IzA== Completed in 11ms
423 http fetch GET 200 https://registry.npmjs.org/process-nextick-args/-/process-nextick-args-2.0.1.tgz 1485ms (cache miss)
424 timing reifyNode:node_modules/process-nextick-args Completed in 1547ms
425 http fetch GET 200 https://registry.npmjs.org/ms/-/ms-2.0.0.tgz 1354ms (cache miss)
426 timing reifyNode:node_modules/ms Completed in 1552ms
427 http fetch GET 200 https://registry.npmjs.org/uid-number/-/uid-number-0.0.6.tgz 1337ms (cache miss)
428 timing reifyNode:node_modules/uid-number Completed in 1559ms
429 http fetch GET 200 https://registry.npmjs.org/core-util-is/-/core-util-is-1.0.3.tgz 1217ms (cache miss)
430 timing reifyNode:node_modules/core-util-is Completed in 1563ms
431 http fetch GET 200 https://registry.npmjs.org/has-flag/-/has-flag-4.0.0.tgz 1293ms (cache miss)
432 timing reifyNode:node_modules/has-flag Completed in 1569ms
433 http fetch GET 200 https://registry.npmjs.org/shebang-regex/-/shebang-regex-3.0.0.tgz 1293ms (cache miss)
434 timing reifyNode:node_modules/shebang-regex Completed in 1574ms
435 http fetch GET 200 https://registry.npmjs.org/shebang-command/-/shebang-command-2.0.0.tgz 1134ms (cache miss)
436 timing reifyNode:node_modules/shebang-command Completed in 1599ms
437 http fetch GET 200 https://registry.npmjs.org/rimraf/-/rimraf-3.0.2.tgz 994ms (cache miss)
438 timing reifyNode:node_modules/tmp/node_modules/rimraf Completed in 1626ms
439 http fetch GET 200 https://registry.npmjs.org/brace-expansion/-/brace-expansion-1.1.11.tgz 1458ms (cache miss)
440 timing reifyNode:node_modules/brace-expansion Completed in 1639ms
441 http fetch GET 200 https://registry.npmjs.org/minimatch/-/minimatch-3.1.2.tgz 1459ms (cache miss)
442 timing reifyNode:node_modules/minimatch Completed in 1645ms
443 http fetch GET 200 https://registry.npmjs.org/once/-/once-1.4.0.tgz 1397ms (cache miss)
444 timing reifyNode:node_modules/once Completed in 1651ms
445 http fetch GET 200 https://registry.npmjs.org/string_decoder/-/string_decoder-0.10.31.tgz 1327ms (cache miss)
446 timing reifyNode:node_modules/string_decoder Completed in 1657ms
447 http fetch GET 200 https://registry.npmjs.org/isarray/-/isarray-0.0.1.tgz 1328ms (cache miss)
448 timing reifyNode:node_modules/isarray Completed in 1663ms
449 http fetch GET 200 https://registry.npmjs.org/which/-/which-2.0.2.tgz 1214ms (cache miss)
450 timing reifyNode:node_modules/which Completed in 1666ms
451 http fetch GET 200 https://registry.npmjs.org/sisteransi/-/sisteransi-1.0.5.tgz 1359ms (cache miss)
452 timing reifyNode:node_modules/sisteransi Completed in 1710ms
453 http fetch GET 200 https://registry.npmjs.org/isexe/-/isexe-2.0.0.tgz 1657ms (cache miss)
454 timing reifyNode:node_modules/isexe Completed in 1724ms
455 http fetch GET 200 https://registry.npmjs.org/concat-map/-/concat-map-0.0.1.tgz 1560ms (cache miss)
456 timing reifyNode:node_modules/concat-map Completed in 1729ms
457 http fetch GET 200 https://registry.npmjs.org/block-stream/-/block-stream-0.0.9.tgz 1631ms (cache miss)
458 timing reifyNode:node_modules/block-stream Completed in 1736ms
459 http fetch GET 200 https://registry.npmjs.org/inflight/-/inflight-1.0.6.tgz 1621ms (cache miss)
460 timing reifyNode:node_modules/inflight Completed in 1743ms
461 http fetch GET 200 https://registry.npmjs.org/wrappy/-/wrappy-1.0.2.tgz 1600ms (cache miss)
462 timing reifyNode:node_modules/wrappy Completed in 1747ms
463 http fetch GET 200 https://registry.npmjs.org/path-is-absolute/-/path-is-absolute-1.0.1.tgz 1660ms (cache miss)
464 timing reifyNode:node_modules/path-is-absolute Completed in 1774ms
465 http fetch GET 200 https://registry.npmjs.org/duplexer2/-/duplexer2-0.0.2.tgz 1393ms (cache miss)
466 timing reifyNode:node_modules/duplexer2 Completed in 1795ms
467 http fetch GET 200 https://registry.npmjs.org/path-key/-/path-key-3.1.1.tgz 1336ms (cache miss)
468 timing reifyNode:node_modules/path-key Completed in 1806ms
469 http fetch GET 200 https://registry.npmjs.org/util-deprecate/-/util-deprecate-1.0.2.tgz 1770ms (cache miss)
470 timing reifyNode:node_modules/util-deprecate Completed in 1821ms
471 http fetch GET 200 https://registry.npmjs.org/hyperquest/-/hyperquest-2.1.3.tgz 1269ms (cache miss)
472 timing reifyNode:node_modules/minimist Completed in 1828ms
473 http fetch GET 200 https://registry.npmjs.org/lru-cache/-/lru-cache-6.0.0.tgz 1509ms (cache miss)
474 timing reifyNode:node_modules/lru-cache Completed in 1833ms
475 http fetch GET 200 https://registry.npmjs.org/jsonfile/-/jsonfile-6.1.0.tgz 1419ms (cache miss)
476 timing reifyNode:node_modules/jsonfile Completed in 1838ms
477 http fetch GET 200 https://registry.npmjs.org/isarray/-/isarray-1.0.0.tgz 1200ms (cache miss)
478 timing reifyNode:node_modules/tar-pack/node_modules/isarray Completed in 1843ms
479 http fetch GET 200 https://registry.npmjs.org/safe-buffer/-/safe-buffer-5.1.2.tgz 1839ms (cache miss)
480 timing reifyNode:node_modules/safe-buffer Completed in 1895ms
481 http fetch GET 200 https://registry.npmjs.org/fs.realpath/-/fs.realpath-1.0.0.tgz 1771ms (cache miss)
482 timing reifyNode:node_modules/fs.realpath Completed in 1900ms
483 http fetch GET 200 https://registry.npmjs.org/kleur/-/kleur-3.0.3.tgz 1555ms (cache miss)
484 timing reifyNode:node_modules/kleur Completed in 1912ms
485 http fetch GET 200 https://registry.npmjs.org/fstream-ignore/-/fstream-ignore-1.0.5.tgz 1663ms (cache miss)
486 timing reifyNode:node_modules/fstream-ignore Completed in 1923ms
487 http fetch GET 200 https://registry.npmjs.org/yallist/-/yallist-4.0.0.tgz 1612ms (cache miss)
488 timing reifyNode:node_modules/yallist Completed in 1931ms
489 http fetch GET 200 https://registry.npmjs.org/color-convert/-/color-convert-2.0.1.tgz 1454ms (cache miss)
490 timing reifyNode:node_modules/color-convert Completed in 1936ms
491 http fetch GET 200 https://registry.npmjs.org/create-react-app/-/create-react-app-5.0.0.tgz 1338ms (cache miss)
492 timing reifyNode:node_modules/create-react-app Completed in 1957ms
493 timing reifyNode:node_modules/hyperquest Completed in 1964ms
494 http fetch GET 200 https://registry.npmjs.org/through2/-/through2-0.6.5.tgz 1584ms (cache miss)
495 timing reifyNode:node_modules/through2 Completed in 1982ms
496 http fetch GET 200 https://registry.npmjs.org/tmp/-/tmp-0.2.1.tgz 1457ms (cache miss)
497 timing reifyNode:node_modules/tmp Completed in 1989ms
498 http fetch GET 200 https://registry.npmjs.org/ansi-styles/-/ansi-styles-4.3.0.tgz 1514ms (cache miss)
499 timing reifyNode:node_modules/ansi-styles Completed in 2006ms
500 http fetch GET 200 https://registry.npmjs.org/string_decoder/-/string_decoder-1.1.1.tgz 1375ms (cache miss)
501 timing reifyNode:node_modules/tar-pack/node_modules/string_decoder Completed in 2012ms
502 http fetch GET 200 https://registry.npmjs.org/glob/-/glob-7.2.0.tgz 1883ms (cache miss)
503 timing reifyNode:node_modules/glob Completed in 2021ms
504 http fetch GET 200 https://registry.npmjs.org/chalk/-/chalk-4.1.2.tgz 1410ms (cache miss)
505 timing reifyNode:node_modules/chalk Completed in 2024ms
506 http fetch GET 200 https://registry.npmjs.org/debug/-/debug-2.6.9.tgz 1766ms (cache miss)
507 timing reifyNode:node_modules/debug Completed in 2036ms
508 http fetch GET 200 https://registry.npmjs.org/graceful-fs/-/graceful-fs-4.2.9.tgz 1617ms (cache miss)
509 timing reifyNode:node_modules/graceful-fs Completed in 2040ms
510 http fetch GET 200 https://registry.npmjs.org/commander/-/commander-4.1.1.tgz 1457ms (cache miss)
511 timing reifyNode:node_modules/commander Completed in 2065ms
512 http fetch GET 200 https://registry.npmjs.org/validate-npm-package-name/-/validate-npm-package-name-3.0.0.tgz 1593ms (cache miss)
513 timing reifyNode:node_modules/validate-npm-package-name Completed in 2090ms
514 timing metavuln:cache:put:security-advisory:tar-pack:fhplZpdnXlyYzsHjGGJA/yDVWNM5xETg67FXmj+i48MM3vb73WzTfAqtG6H65b0sv9lB5Avb15YHQFI1jNjl2Q== Completed in 554ms
515 timing metavuln:calculate:security-advisory:tar-pack:VtfoMHRPReMcCW9w4u31BWYREcViCFn3asZmPh4Q1xtBDUHlj8G6pba9zfaKmvRrJr1jooSQdagZ+yr2Ze8IzA== Completed in 646ms
516 timing metavuln:packument:create-react-app Completed in 0ms
517 timing metavuln:cache:get:security-advisory:create-react-app:ZGzP55AE1EJG8Jv4DQFupK5FDpLYQuEB3nHTsgnSIVq7Sl12eY5EQ4WJCvU0bUyXYqbG/cscxGh9HC+VksCmGw== Completed in 3ms
518 timing metavuln:load:security-advisory:create-react-app:fhplZpdnXlyYzsHjGGJA/yDVWNM5xETg67FXmj+i48MM3vb73WzTfAqtG6H65b0sv9lB5Avb15YHQFI1jNjl2Q== Completed in 10ms
519 http fetch GET 200 https://registry.npmjs.org/cross-spawn/-/cross-spawn-7.0.3.tgz 1510ms (cache miss)
520 timing reifyNode:node_modules/cross-spawn Completed in 2110ms
521 http fetch GET 200 https://registry.npmjs.org/readable-stream/-/readable-stream-1.0.34.tgz 1493ms (cache miss)
522 timing reifyNode:node_modules/through2/node_modules/readable-stream Completed in 2121ms
523 http fetch GET 200 https://registry.npmjs.org/envinfo/-/envinfo-7.8.1.tgz 1563ms (cache miss)
524 timing reifyNode:node_modules/envinfo Completed in 2128ms
525 http fetch GET 200 https://registry.npmjs.org/tar-pack/-/tar-pack-3.4.1.tgz 1602ms (cache miss)
526 timing reifyNode:node_modules/tar-pack Completed in 2141ms
527 http fetch GET 200 https://registry.npmjs.org/readable-stream/-/readable-stream-1.1.14.tgz 1759ms (cache miss)
528 timing reifyNode:node_modules/readable-stream Completed in 2150ms
529 timing metavuln:cache:put:security-advisory:create-react-app:ZGzP55AE1EJG8Jv4DQFupK5FDpLYQuEB3nHTsgnSIVq7Sl12eY5EQ4WJCvU0bUyXYqbG/cscxGh9HC+VksCmGw== Completed in 88ms
530 timing metavuln:calculate:security-advisory:create-react-app:fhplZpdnXlyYzsHjGGJA/yDVWNM5xETg67FXmj+i48MM3vb73WzTfAqtG6H65b0sv9lB5Avb15YHQFI1jNjl2Q== Completed in 101ms
531 timing auditReport:init Completed in 1455ms
532 timing reify:audit Completed in 2207ms
533 http fetch GET 200 https://registry.npmjs.org/readable-stream/-/readable-stream-2.3.7.tgz 1522ms (cache miss)
534 timing reifyNode:node_modules/tar-pack/node_modules/readable-stream Completed in 2199ms
535 http fetch GET 200 https://registry.npmjs.org/fstream/-/fstream-1.0.12.tgz 1946ms (cache miss)
536 timing reifyNode:node_modules/fstream Completed in 2210ms
537 http fetch GET 200 https://registry.npmjs.org/fs-extra/-/fs-extra-10.0.1.tgz 1662ms (cache miss)
538 timing reifyNode:node_modules/fs-extra Completed in 2222ms
539 http fetch GET 200 https://registry.npmjs.org/semver/-/semver-7.3.5.tgz 1692ms (cache miss)
540 timing reifyNode:node_modules/semver Completed in 2236ms
541 http fetch GET 200 https://registry.npmjs.org/prompts/-/prompts-2.4.2.tgz 1704ms (cache miss)
542 timing reifyNode:node_modules/prompts Completed in 2253ms
543 http fetch GET 200 https://registry.npmjs.org/tar/-/tar-2.2.2.tgz 2080ms (cache miss)
544 warn deprecated tar@2.2.2: This version of tar is no longer supported, and will not receive security updates. Please upgrade asap.
545 timing reifyNode:node_modules/tar Completed in 2323ms
546 timing reify:unpack Completed in 2325ms
547 timing reify:unretire Completed in 0ms
548 timing build:queue Completed in 4ms
549 timing build:link:node_modules/create-react-app Completed in 5ms
550 timing build:link:node_modules/tmp/node_modules/rimraf Completed in 4ms
551 timing build:link:node_modules/envinfo Completed in 4ms
552 timing build:link:node_modules/mkdirp Completed in 4ms
553 timing build:link:node_modules/rimraf Completed in 4ms
554 timing build:link:node_modules/semver Completed in 4ms
555 timing build:link:node_modules/which Completed in 4ms
556 timing build:link Completed in 5ms
557 timing build:deps Completed in 9ms
558 timing build Completed in 9ms
559 timing reify:build Completed in 10ms
560 timing reify:trash Completed in 0ms
561 timing reify:save Completed in 22ms
562 timing reify Completed in 5748ms
563 timing command:exec Completed in 141764ms
564 verbose exit 1
565 timing npm Completed in 142017ms
566 verbose code 1
