0 verbose cli [
0 verbose cli   '/home/ec2-user/.nvm/versions/node/v17.6.0/bin/node',
0 verbose cli   '/home/ec2-user/.nvm/versions/node/v17.6.0/bin/npm',
0 verbose cli   'config',
0 verbose cli   'list'
0 verbose cli ]
1 info using npm@8.5.1
2 info using node@v17.6.0
3 timing npm:load:whichnode Completed in 1ms
4 timing config:load:defaults Completed in 2ms
5 timing config:load:file:/home/ec2-user/.nvm/versions/node/v17.6.0/lib/node_modules/npm/npmrc Completed in 1ms
6 timing config:load:builtin Completed in 1ms
7 timing config:load:cli Completed in 2ms
8 timing config:load:env Completed in 1ms
9 timing config:load:file:/home/ec2-user/amplifyapp/.npmrc Completed in 0ms
10 timing config:load:project Completed in 1ms
11 timing config:load:file:/home/ec2-user/.npmrc Completed in 1ms
12 timing config:load:user Completed in 1ms
13 timing config:load:file:/home/ec2-user/.nvm/versions/node/v17.6.0/etc/npmrc Completed in 0ms
14 timing config:load:global Completed in 0ms
15 timing config:load:validate Completed in 1ms
16 timing config:load:credentials Completed in 1ms
17 timing config:load:setEnvs Completed in 1ms
18 timing config:load Completed in 11ms
19 timing npm:load:configload Completed in 12ms
20 timing npm:load:setTitle Completed in 0ms
21 timing config:load:flatten Completed in 4ms
22 timing npm:load:display Completed in 5ms
23 verbose logfile /home/ec2-user/.npm/_logs/2022-02-23T22_01_41_326Z-debug-0.log
24 timing npm:load:logFile Completed in 6ms
25 timing npm:load:timers Completed in 0ms
26 timing npm:load:configScope Completed in 0ms
27 timing npm:load Completed in 24ms
28 timing command:config Completed in 20ms
29 verbose exit 0
30 timing npm Completed in 189ms
31 info ok
